<?xml version="1.0" encoding="UTF-8"?>
<testng-results skipped="0" failed="1" ignored="0" total="1" passed="0">
  <reporter-output>
  </reporter-output>
  <suite name="Suite" duration-ms="24859" started-at="2017-09-09T03:20:16Z" finished-at="2017-09-09T03:20:41Z">
    <groups>
    </groups>
    <test name="Test" duration-ms="24859" started-at="2017-09-09T03:20:16Z" finished-at="2017-09-09T03:20:41Z">
      <class name="script.dickblick">
        <test-method status="PASS" signature="setProperty()[pri:0, instance:script.dickblick@ff5b51f]" name="setProperty" is-config="true" duration-ms="9" started-at="2017-09-09T08:50:16Z" finished-at="2017-09-09T08:50:16Z">
          <reporter-output>
          </reporter-output>
        </test-method> <!-- setProperty -->
        <test-method status="PASS" signature="openSite(java.lang.String)[pri:0, instance:script.dickblick@ff5b51f]" name="openSite" is-config="true" duration-ms="13927" started-at="2017-09-09T08:50:16Z" finished-at="2017-09-09T08:50:30Z">
          <params>
            <param index="0">
              <value>
                <![CDATA[chrome]]>
              </value>
            </param>
          </params>
          <reporter-output>
          </reporter-output>
        </test-method> <!-- openSite -->
        <test-method status="FAIL" signature="mm()[pri:0, instance:script.dickblick@ff5b51f]" name="mm" duration-ms="10907" started-at="2017-09-09T08:50:30Z" finished-at="2017-09-09T08:50:41Z">
          <exception class="java.lang.AssertionError">
            <message>
              <![CDATA[expected [Blickrylic Student Acrylics] but found [Bienfang Tracing Paper In Rolls]]]>
            </message>
            <full-stacktrace>
              <![CDATA[java.lang.AssertionError: expected [Blickrylic Student Acrylics] but found [Bienfang Tracing Paper In Rolls]
	at org.testng.Assert.fail(Assert.java:93)
	at org.testng.Assert.failNotEquals(Assert.java:512)
	at org.testng.Assert.assertEqualsImpl(Assert.java:134)
	at org.testng.Assert.assertEquals(Assert.java:115)
	at org.testng.Assert.assertEquals(Assert.java:189)
	at org.testng.Assert.assertEquals(Assert.java:199)
	at script.dickblick.mm(dickblick.java:49)
	at sun.reflect.NativeMethodAccessorImpl.invoke0(Native Method)
	at sun.reflect.NativeMethodAccessorImpl.invoke(Unknown Source)
	at sun.reflect.DelegatingMethodAccessorImpl.invoke(Unknown Source)
	at java.lang.reflect.Method.invoke(Unknown Source)
	at org.testng.internal.MethodInvocationHelper.invokeMethod(MethodInvocationHelper.java:108)
	at org.testng.internal.Invoker.invokeMethod(Invoker.java:661)
	at org.testng.internal.Invoker.invokeTestMethod(Invoker.java:869)
	at org.testng.internal.Invoker.invokeTestMethods(Invoker.java:1193)
	at org.testng.internal.TestMethodWorker.invokeTestMethods(TestMethodWorker.java:126)
	at org.testng.internal.TestMethodWorker.run(TestMethodWorker.java:109)
	at org.testng.TestRunner.privateRun(TestRunner.java:744)
	at org.testng.TestRunner.run(TestRunner.java:602)
	at org.testng.SuiteRunner.runTest(SuiteRunner.java:380)
	at org.testng.SuiteRunner.runSequentially(SuiteRunner.java:375)
	at org.testng.SuiteRunner.privateRun(SuiteRunner.java:340)
	at org.testng.SuiteRunner.run(SuiteRunner.java:289)
	at org.testng.SuiteRunnerWorker.runSuite(SuiteRunnerWorker.java:52)
	at org.testng.SuiteRunnerWorker.run(SuiteRunnerWorker.java:86)
	at org.testng.TestNG.runSuitesSequentially(TestNG.java:1301)
	at org.testng.TestNG.runSuitesLocally(TestNG.java:1226)
	at org.testng.TestNG.runSuites(TestNG.java:1144)
	at org.testng.TestNG.run(TestNG.java:1115)
	at org.testng.remote.AbstractRemoteTestNG.run(AbstractRemoteTestNG.java:132)
	at org.testng.remote.RemoteTestNG.initAndRun(RemoteTestNG.java:230)
	at org.testng.remote.RemoteTestNG.main(RemoteTestNG.java:76)
]]>
            </full-stacktrace>
          </exception> <!-- java.lang.AssertionError -->
          <reporter-output>
          </reporter-output>
        </test-method> <!-- mm -->
      </class> <!-- script.dickblick -->
    </test> <!-- Test -->
  </suite> <!-- Suite -->
</testng-results>
